<?xml version="1.0" encoding="UTF-8"?>
<testng-results skipped="0" failed="1" ignored="0" total="1" passed="0">
  <reporter-output>
  </reporter-output>
  <suite name="Default suite" duration-ms="1355" started-at="2020-07-21T14:53:27 IST" finished-at="2020-07-21T14:53:29 IST">
    <groups>
      <group name="cucumber">
        <method signature="AbstractTestNGCucumberTests.feature(cucumber.api.testng.CucumberFeatureWrapper)[pri:0, instance:com.ebayapp.runner.TestRunner@47db50c5]" name="feature" class="cucumber.api.testng.AbstractTestNGCucumberTests"/>
      </group> <!-- cucumber -->
    </groups>
    <test name="Default test" duration-ms="1355" started-at="2020-07-21T14:53:27 IST" finished-at="2020-07-21T14:53:29 IST">
      <class name="com.ebayapp.runner.TestRunner">
        <test-method status="PASS" signature="setUpClass()[pri:0, instance:com.ebayapp.runner.TestRunner@47db50c5]" name="setUpClass" is-config="true" duration-ms="254" started-at="2020-07-21T14:53:27 IST" finished-at="2020-07-21T14:53:28 IST">
          <reporter-output>
          </reporter-output>
        </test-method> <!-- setUpClass -->
        <test-method status="PASS" signature="setUp()[pri:0, instance:com.ebayapp.runner.TestRunner@47db50c5]" name="setUp" is-config="true" duration-ms="14" started-at="2020-07-21T14:53:28 IST" finished-at="2020-07-21T14:53:28 IST">
          <reporter-output>
          </reporter-output>
        </test-method> <!-- setUp -->
        <test-method status="FAIL" signature="feature(cucumber.api.testng.CucumberFeatureWrapper)[pri:0, instance:com.ebayapp.runner.TestRunner@47db50c5]" name="feature" duration-ms="613" started-at="2020-07-21T14:53:28 IST" description="Runs Cucumber Feature" data-provider="features" finished-at="2020-07-21T14:53:28 IST">
          <params>
            <param index="0">
              <value>
                <![CDATA[Loginto the Ebay Mobile app and search for an Item by verifying the Testdata , screen orientations etc]]>
              </value>
            </param>
          </params>
          <exception class="cucumber.runtime.CucumberException">
            <message>
              <![CDATA[cucumber.runtime.CucumberException: Failed to instantiate class com.ebay.stepDefinition.ebayLoginStepDef]]>
            </message>
            <full-stacktrace>
              <![CDATA[cucumber.runtime.CucumberException: cucumber.runtime.CucumberException: Failed to instantiate class com.ebay.stepDefinition.ebayLoginStepDef
at cucumber.api.testng.TestNGCucumberRunner.runCucumber(TestNGCucumberRunner.java:69)
at cucumber.api.testng.AbstractTestNGCucumberTests.feature(AbstractTestNGCucumberTests.java:21)
at sun.reflect.NativeMethodAccessorImpl.invoke0(Native Method)
at sun.reflect.NativeMethodAccessorImpl.invoke(NativeMethodAccessorImpl.java:62)
at sun.reflect.DelegatingMethodAccessorImpl.invoke(DelegatingMethodAccessorImpl.java:43)
at java.lang.reflect.Method.invoke(Method.java:498)
at org.testng.internal.MethodInvocationHelper.invokeMethod(MethodInvocationHelper.java:133)
at org.testng.internal.TestInvoker.invokeMethod(TestInvoker.java:584)
at org.testng.internal.TestInvoker.invokeTestMethod(TestInvoker.java:172)
at org.testng.internal.MethodRunner.runInSequence(MethodRunner.java:46)
at org.testng.internal.TestInvoker$MethodInvocationAgent.invoke(TestInvoker.java:804)
at org.testng.internal.TestInvoker.invokeTestMethods(TestInvoker.java:145)
at org.testng.internal.TestMethodWorker.invokeTestMethods(TestMethodWorker.java:146)
at org.testng.internal.TestMethodWorker.run(TestMethodWorker.java:128)
at java.util.ArrayList.forEach(ArrayList.java:1257)
at org.testng.TestRunner.privateRun(TestRunner.java:770)
at org.testng.TestRunner.run(TestRunner.java:591)
at org.testng.SuiteRunner.runTest(SuiteRunner.java:402)
at org.testng.SuiteRunner.runSequentially(SuiteRunner.java:396)
at org.testng.SuiteRunner.privateRun(SuiteRunner.java:355)
at org.testng.SuiteRunner.run(SuiteRunner.java:304)
at org.testng.SuiteRunnerWorker.runSuite(SuiteRunnerWorker.java:53)
at org.testng.SuiteRunnerWorker.run(SuiteRunnerWorker.java:96)
at org.testng.TestNG.runSuitesSequentially(TestNG.java:1180)
at org.testng.TestNG.runSuitesLocally(TestNG.java:1102)
at org.testng.TestNG.runSuites(TestNG.java:1032)
at org.testng.TestNG.run(TestNG.java:1000)
at org.testng.remote.AbstractRemoteTestNG.run(AbstractRemoteTestNG.java:115)
at org.testng.remote.RemoteTestNG.initAndRun(RemoteTestNG.java:251)
at org.testng.remote.RemoteTestNG.main(RemoteTestNG.java:77)
Caused by: cucumber.runtime.CucumberException: Failed to instantiate class com.ebay.stepDefinition.ebayLoginStepDef
at cucumber.runtime.java.DefaultJavaObjectFactory.cacheNewInstance(DefaultJavaObjectFactory.java:47)
at cucumber.runtime.java.DefaultJavaObjectFactory.getInstance(DefaultJavaObjectFactory.java:33)
at cucumber.runtime.java.JavaStepDefinition.execute(JavaStepDefinition.java:38)
at cucumber.runtime.StepDefinitionMatch.runStep(StepDefinitionMatch.java:37)
at cucumber.runtime.Runtime.runStep(Runtime.java:300)
at cucumber.runtime.model.StepContainer.runStep(StepContainer.java:44)
at cucumber.runtime.model.StepContainer.runSteps(StepContainer.java:39)
at cucumber.runtime.model.CucumberScenario.run(CucumberScenario.java:44)
at cucumber.runtime.model.CucumberFeature.run(CucumberFeature.java:165)
at cucumber.api.testng.TestNGCucumberRunner.runCucumber(TestNGCucumberRunner.java:63)
... 29 more
Caused by: java.lang.reflect.InvocationTargetException
at sun.reflect.NativeConstructorAccessorImpl.newInstance0(Native Method)
at sun.reflect.NativeConstructorAccessorImpl.newInstance(NativeConstructorAccessorImpl.java:62)
at sun.reflect.DelegatingConstructorAccessorImpl.newInstance(DelegatingConstructorAccessorImpl.java:45)
at java.lang.reflect.Constructor.newInstance(Constructor.java:423)
at cucumber.runtime.java.DefaultJavaObjectFactory.cacheNewInstance(DefaultJavaObjectFactory.java:41)
... 38 more
Caused by: java.lang.RuntimeException: java.lang.NullPointerException: Unable to find executable for: cmd.exe
at io.appium.java_client.service.local.AppiumServiceBuilder.findNodeInCurrentFileSystem(AppiumServiceBuilder.java:145)
at io.appium.java_client.service.local.AppiumServiceBuilder.checkAppiumJS(AppiumServiceBuilder.java:309)
at io.appium.java_client.service.local.AppiumServiceBuilder.createArgs(AppiumServiceBuilder.java:389)
at org.openqa.selenium.remote.service.DriverService$Builder.build(DriverService.java:358)
at io.appium.java_client.service.local.AppiumDriverLocalService.buildService(AppiumDriverLocalService.java:76)
at com.automation.drivers.MobileDriverManager.getDriverInstance(MobileDriverManager.java:49)
at com.automation.drivers.MobileDriverManager.getDriver(MobileDriverManager.java:25)
at com.ebay.stepDefinition.ebayLoginStepDef.<init>(ebayLoginStepDef.java:20)
... 43 more
Caused by: java.lang.NullPointerException: Unable to find executable for: cmd.exe
at com.google.common.base.Preconditions.checkNotNull(Preconditions.java:987)
at org.openqa.selenium.os.OsProcess.<init>(OsProcess.java:64)
at org.openqa.selenium.os.CommandLine.<init>(CommandLine.java:38)
at io.appium.java_client.service.local.AppiumServiceBuilder.findNodeInCurrentFileSystem(AppiumServiceBuilder.java:139)
... 50 more
]]>
            </full-stacktrace>
          </exception> <!-- cucumber.runtime.CucumberException -->
          <reporter-output>
          </reporter-output>
        </test-method> <!-- feature -->
        <test-method status="PASS" signature="runCleanUpAfterMethod()[pri:0, instance:com.ebayapp.runner.TestRunner@47db50c5]" name="runCleanUpAfterMethod" is-config="true" duration-ms="6" started-at="2020-07-21T14:53:28 IST" finished-at="2020-07-21T14:53:28 IST">
          <reporter-output>
          </reporter-output>
        </test-method> <!-- runCleanUpAfterMethod -->
        <test-method status="PASS" signature="reportSetup()[pri:0, instance:com.ebayapp.runner.TestRunner@47db50c5]" name="reportSetup" is-config="true" duration-ms="9" started-at="2020-07-21T14:53:28 IST" finished-at="2020-07-21T14:53:28 IST">
          <reporter-output>
          </reporter-output>
        </test-method> <!-- reportSetup -->
        <test-method status="PASS" signature="tearDownClass()[pri:0, instance:com.ebayapp.runner.TestRunner@47db50c5]" name="tearDownClass" is-config="true" duration-ms="335" started-at="2020-07-21T14:53:28 IST" finished-at="2020-07-21T14:53:29 IST">
          <reporter-output>
          </reporter-output>
        </test-method> <!-- tearDownClass -->
        <test-method status="PASS" signature="tearDown()[pri:0, instance:com.ebayapp.runner.TestRunner@47db50c5]" name="tearDown" is-config="true" duration-ms="1" started-at="2020-07-21T14:53:29 IST" finished-at="2020-07-21T14:53:29 IST">
          <reporter-output>
          </reporter-output>
        </test-method> <!-- tearDown -->
      </class> <!-- com.ebayapp.runner.TestRunner -->
    </test> <!-- Default test -->
  </suite> <!-- Default suite -->
</testng-results>
